2022-11-12 09:39:32,353:WARNING:
'cuml' is a soft dependency and not included in the pycaret installation. Please run: `pip install cuml` to install.
2022-11-12 09:39:32,354:WARNING:
'cuml' is a soft dependency and not included in the pycaret installation. Please run: `pip install cuml` to install.
2022-11-12 09:39:32,354:WARNING:
'cuml' is a soft dependency and not included in the pycaret installation. Please run: `pip install cuml` to install.
2022-11-12 09:39:32,354:WARNING:
'cuml' is a soft dependency and not included in the pycaret installation. Please run: `pip install cuml` to install.
2022-11-12 09:39:32,373:WARNING:
'prophet' is a soft dependency and not included in the pycaret installation. Please run: `pip install prophet` to install.
2022-11-12 09:39:33,908:INFO:PyCaret ClusteringExperiment
2022-11-12 09:39:33,908:INFO:Logging name: cluster-default-name
2022-11-12 09:39:33,908:INFO:ML Usecase: MLUsecase.CLUSTERING
2022-11-12 09:39:33,908:INFO:version 3.0.0.rc4
2022-11-12 09:39:33,908:INFO:Initializing setup()
2022-11-12 09:39:33,908:INFO:self.USI: 16a5
2022-11-12 09:39:33,908:INFO:self.variable_keys: {'display_container', '_all_metrics', 'data', 'n_jobs_param', 'pipeline', '_all_models_internal', 'html_param', 'memory', 'USI', 'exp_name_log', 'master_model_container', 'gpu_param', '_available_plots', 'exp_id', 'log_plots_param', 'X', 'variable_keys', '_ml_usecase', 'logging_param', 'idx', '_gpu_n_jobs_param', '_all_models', 'seed'}
2022-11-12 09:39:33,908:INFO:Checking environment
2022-11-12 09:39:33,908:INFO:python_version: 3.9.7
2022-11-12 09:39:33,908:INFO:python_build: ('default', 'Sep 16 2021 16:59:28')
2022-11-12 09:39:33,909:INFO:machine: AMD64
2022-11-12 09:39:33,909:INFO:platform: Windows-10-10.0.19044-SP0
2022-11-12 09:39:33,909:INFO:Memory: svmem(total=8299257856, available=518205440, percent=93.8, used=7781052416, free=518205440)
2022-11-12 09:39:33,909:INFO:Physical Core: 4
2022-11-12 09:39:33,909:INFO:Logical Core: 8
2022-11-12 09:39:33,909:INFO:Checking libraries
2022-11-12 09:39:33,909:INFO:System:
2022-11-12 09:39:33,909:INFO:    python: 3.9.7 (default, Sep 16 2021, 16:59:28) [MSC v.1916 64 bit (AMD64)]
2022-11-12 09:39:33,909:INFO:executable: c:\ProgramData\Anaconda3\python.exe
2022-11-12 09:39:33,909:INFO:   machine: Windows-10-10.0.19044-SP0
2022-11-12 09:39:33,909:INFO:PyCaret required dependencies:
2022-11-12 09:39:33,909:INFO:                 pip: 22.2.2
2022-11-12 09:39:33,909:INFO:          setuptools: 58.0.4
2022-11-12 09:39:33,909:INFO:             pycaret: 2.2.2
2022-11-12 09:39:33,909:INFO:             IPython: 7.29.0
2022-11-12 09:39:33,909:INFO:          ipywidgets: 7.6.5
2022-11-12 09:39:33,909:INFO:                tqdm: 4.62.3
2022-11-12 09:39:33,909:INFO:               numpy: 1.20.3
2022-11-12 09:39:33,909:INFO:              pandas: 1.2.0.35
2022-11-12 09:39:33,909:INFO:              jinja2: 3.0.2
2022-11-12 09:39:33,909:INFO:               scipy: 1.7.1
2022-11-12 09:39:33,909:INFO:              joblib: 1.1.0
2022-11-12 09:39:33,909:INFO:             sklearn: 0.24.2
2022-11-12 09:39:33,909:INFO:                pyod: 0.9.8
2022-11-12 09:39:33,909:INFO:            imblearn: 0.8.1
2022-11-12 09:39:33,909:INFO:   category_encoders: 2.5.1.post0
2022-11-12 09:39:33,910:INFO:            lightgbm: 3.2.1
2022-11-12 09:39:33,910:INFO:               numba: 0.55.1
2022-11-12 09:39:33,910:INFO:            requests: 2.26.0
2022-11-12 09:39:33,910:INFO:          matplotlib: 3.4.3
2022-11-12 09:39:33,910:INFO:          scikitplot: 0.3.7
2022-11-12 09:39:33,910:INFO:         yellowbrick: 1.3.post1
2022-11-12 09:39:33,910:INFO:              plotly: 5.6.0
2022-11-12 09:39:33,910:INFO:             kaleido: 0.2.1
2022-11-12 09:39:33,910:INFO:         statsmodels: 0.12.2
2022-11-12 09:39:33,910:INFO:              sktime: 0.13.4
2022-11-12 09:39:33,910:INFO:               tbats: 1.1.1
2022-11-12 09:39:33,910:INFO:            pmdarima: 1.8.5
2022-11-12 09:39:33,910:INFO:              psutil: 5.8.0
2022-11-12 09:39:33,910:INFO:PyCaret optional dependencies:
2022-11-12 09:39:33,918:INFO:                shap: 0.40.0
2022-11-12 09:39:33,918:INFO:           interpret: Not installed
2022-11-12 09:39:33,918:INFO:                umap: 0.5.2
2022-11-12 09:39:33,918:INFO:    pandas_profiling: 2.9.0
2022-11-12 09:39:33,918:INFO:  explainerdashboard: Not installed
2022-11-12 09:39:33,918:INFO:             autoviz: Not installed
2022-11-12 09:39:33,918:INFO:           fairlearn: Not installed
2022-11-12 09:39:33,918:INFO:             xgboost: 1.5.2
2022-11-12 09:39:33,918:INFO:            catboost: 0.26.1
2022-11-12 09:39:33,918:INFO:              kmodes: 0.11.1
2022-11-12 09:39:33,918:INFO:             mlxtend: 0.19.0
2022-11-12 09:39:33,918:INFO:       statsforecast: Not installed
2022-11-12 09:39:33,918:INFO:        tune_sklearn: Not installed
2022-11-12 09:39:33,918:INFO:                 ray: Not installed
2022-11-12 09:39:33,918:INFO:            hyperopt: Not installed
2022-11-12 09:39:33,918:INFO:              optuna: Not installed
2022-11-12 09:39:33,918:INFO:               skopt: Not installed
2022-11-12 09:39:33,918:INFO:              mlflow: 1.24.0
2022-11-12 09:39:33,918:INFO:              gradio: Not installed
2022-11-12 09:39:33,918:INFO:             fastapi: Not installed
2022-11-12 09:39:33,918:INFO:             uvicorn: Not installed
2022-11-12 09:39:33,918:INFO:              m2cgen: Not installed
2022-11-12 09:39:33,919:INFO:           evidently: Not installed
2022-11-12 09:39:33,919:INFO:                nltk: 3.6.5
2022-11-12 09:39:33,919:INFO:            pyLDAvis: 3.2.2
2022-11-12 09:39:33,919:INFO:              gensim: 4.0.1
2022-11-12 09:39:33,919:INFO:               spacy: 2.3.7
2022-11-12 09:39:33,919:INFO:           wordcloud: 1.8.1
2022-11-12 09:39:33,919:INFO:            textblob: 0.15.3
2022-11-12 09:39:33,919:INFO:               fugue: Not installed
2022-11-12 09:39:33,919:INFO:           streamlit: 1.8.1
2022-11-12 09:39:33,919:INFO:             prophet: Not installed
2022-11-12 09:39:33,919:INFO:None
2022-11-12 09:39:33,919:INFO:Set up data.
2022-11-12 09:39:33,924:INFO:Set up index.
2022-11-12 09:39:33,925:INFO:Assigning column types.
2022-11-12 09:39:33,930:INFO:Preparing preprocessing pipeline...
2022-11-12 09:39:33,931:INFO:Set up simple imputation.
2022-11-12 09:39:33,934:INFO:Set up encoding of categorical features.
2022-11-12 09:39:33,934:INFO:Set up variance threshold.
2022-11-12 09:39:33,934:INFO:Set up feature normalization.
2022-11-12 09:39:34,079:INFO:Finished creating preprocessing pipeline.
2022-11-12 09:39:34,085:INFO:Pipeline: Pipeline(memory=Memory(location=C:\Users\Erik\AppData\Local\Temp\joblib),
         steps=[('numerical_imputer',
                 TransformerWrapper(include=['child_mort', 'exports', 'health',
                                             'imports', 'income', 'inflation',
                                             'life_expec', 'total_fer',
                                             'gdpp'],
                                    transformer=SimpleImputer())),
                ('categorical_imputer',
                 TransformerWrapper(include=['country'],
                                    transformer=SimpleImputer(fill_value='constant',
                                                              strategy='constant'))),
                ('onehot_encoding',
                 TransformerWrapper(include=['country'],
                                    transformer=OneHotEncoder(cols=['country'],
                                                              handle_missing='return_nan',
                                                              use_cat_names=True))),
                ('low_variance',
                 TransformerWrapper(exclude=[],
                                    transformer=VarianceThreshold(threshold=0))),
                ('normalize',
                 TransformerWrapper(transformer=StandardScaler()))])
2022-11-12 09:39:34,085:INFO:Creating final display dataframe.
2022-11-12 09:39:34,215:INFO:Setup display_container:                  Description                 Value
0                 Session id                  7338
1        Original data shape             (167, 10)
2     Transformed data shape            (167, 176)
3           Numeric features                     9
4       Categorical features                     1
5                 Preprocess                  True
6            Imputation type                simple
7         Numeric imputation                  mean
8     Categorical imputation              constant
9   Maximum one-hot encoding                    -1
10           Encoding method                  None
11    Low variance threshold                     0
12                 Normalize                  True
13          Normalize method                zscore
14                  CPU Jobs                    -1
15                   Use GPU                 False
16            Log Experiment                 False
17           Experiment Name  cluster-default-name
18                       USI                  16a5
2022-11-12 09:39:34,223:INFO:Soft dependency imported: kmodes: 0.11.1
2022-11-12 09:39:34,235:INFO:Soft dependency imported: kmodes: 0.11.1
2022-11-12 09:39:34,236:INFO:setup() successfully completed in 0.33s...............
2022-11-12 10:13:43,739:INFO:PyCaret ClusteringExperiment
2022-11-12 10:13:43,741:INFO:Logging name: cluster-default-name
2022-11-12 10:13:43,742:INFO:ML Usecase: MLUsecase.CLUSTERING
2022-11-12 10:13:43,742:INFO:version 3.0.0.rc4
2022-11-12 10:13:43,742:INFO:Initializing setup()
2022-11-12 10:13:43,742:INFO:self.USI: 46f3
2022-11-12 10:13:43,742:INFO:self.variable_keys: {'display_container', '_all_metrics', 'data', 'n_jobs_param', 'pipeline', '_all_models_internal', 'html_param', 'memory', 'USI', 'exp_name_log', 'master_model_container', 'gpu_param', '_available_plots', 'exp_id', 'log_plots_param', 'X', 'variable_keys', '_ml_usecase', 'logging_param', 'idx', '_gpu_n_jobs_param', '_all_models', 'seed'}
2022-11-12 10:13:43,743:INFO:Checking environment
2022-11-12 10:13:43,743:INFO:python_version: 3.9.7
2022-11-12 10:13:43,743:INFO:python_build: ('default', 'Sep 16 2021 16:59:28')
2022-11-12 10:13:43,743:INFO:machine: AMD64
2022-11-12 10:13:43,744:INFO:platform: Windows-10-10.0.19044-SP0
2022-11-12 10:13:43,746:INFO:Memory: svmem(total=8299257856, available=701202432, percent=91.6, used=7598055424, free=701202432)
2022-11-12 10:13:43,747:INFO:Physical Core: 4
2022-11-12 10:13:43,747:INFO:Logical Core: 8
2022-11-12 10:13:43,747:INFO:Checking libraries
2022-11-12 10:13:43,748:INFO:System:
2022-11-12 10:13:43,748:INFO:    python: 3.9.7 (default, Sep 16 2021, 16:59:28) [MSC v.1916 64 bit (AMD64)]
2022-11-12 10:13:43,748:INFO:executable: c:\ProgramData\Anaconda3\python.exe
2022-11-12 10:13:43,748:INFO:   machine: Windows-10-10.0.19044-SP0
2022-11-12 10:13:43,748:INFO:PyCaret required dependencies:
2022-11-12 10:13:43,752:INFO:                 pip: 22.2.2
2022-11-12 10:13:43,752:INFO:          setuptools: 58.0.4
2022-11-12 10:13:43,752:INFO:             pycaret: 2.2.2
2022-11-12 10:13:43,752:INFO:             IPython: 7.29.0
2022-11-12 10:13:43,752:INFO:          ipywidgets: 7.6.5
2022-11-12 10:13:43,752:INFO:                tqdm: 4.62.3
2022-11-12 10:13:43,752:INFO:               numpy: 1.20.3
2022-11-12 10:13:43,752:INFO:              pandas: 1.2.0.35
2022-11-12 10:13:43,752:INFO:              jinja2: 3.0.2
2022-11-12 10:13:43,752:INFO:               scipy: 1.7.1
2022-11-12 10:13:43,752:INFO:              joblib: 1.1.0
2022-11-12 10:13:43,753:INFO:             sklearn: 0.24.2
2022-11-12 10:13:43,753:INFO:                pyod: 0.9.8
2022-11-12 10:13:43,753:INFO:            imblearn: 0.8.1
2022-11-12 10:13:43,753:INFO:   category_encoders: 2.5.1.post0
2022-11-12 10:13:43,753:INFO:            lightgbm: 3.2.1
2022-11-12 10:13:43,753:INFO:               numba: 0.55.1
2022-11-12 10:13:43,753:INFO:            requests: 2.26.0
2022-11-12 10:13:43,753:INFO:          matplotlib: 3.4.3
2022-11-12 10:13:43,754:INFO:          scikitplot: 0.3.7
2022-11-12 10:13:43,754:INFO:         yellowbrick: 1.3.post1
2022-11-12 10:13:43,754:INFO:              plotly: 5.6.0
2022-11-12 10:13:43,754:INFO:             kaleido: 0.2.1
2022-11-12 10:13:43,754:INFO:         statsmodels: 0.12.2
2022-11-12 10:13:43,754:INFO:              sktime: 0.13.4
2022-11-12 10:13:43,754:INFO:               tbats: 1.1.1
2022-11-12 10:13:43,754:INFO:            pmdarima: 1.8.5
2022-11-12 10:13:43,754:INFO:              psutil: 5.8.0
2022-11-12 10:13:43,755:INFO:PyCaret optional dependencies:
2022-11-12 10:13:43,755:INFO:                shap: 0.40.0
2022-11-12 10:13:43,755:INFO:           interpret: Not installed
2022-11-12 10:13:43,755:INFO:                umap: 0.5.2
2022-11-12 10:13:43,756:INFO:    pandas_profiling: 2.9.0
2022-11-12 10:13:43,756:INFO:  explainerdashboard: Not installed
2022-11-12 10:13:43,756:INFO:             autoviz: Not installed
2022-11-12 10:13:43,756:INFO:           fairlearn: Not installed
2022-11-12 10:13:43,756:INFO:             xgboost: 1.5.2
2022-11-12 10:13:43,756:INFO:            catboost: 0.26.1
2022-11-12 10:13:43,756:INFO:              kmodes: 0.11.1
2022-11-12 10:13:43,756:INFO:             mlxtend: 0.19.0
2022-11-12 10:13:43,756:INFO:       statsforecast: Not installed
2022-11-12 10:13:43,756:INFO:        tune_sklearn: Not installed
2022-11-12 10:13:43,756:INFO:                 ray: Not installed
2022-11-12 10:13:43,756:INFO:            hyperopt: Not installed
2022-11-12 10:13:43,756:INFO:              optuna: Not installed
2022-11-12 10:13:43,756:INFO:               skopt: Not installed
2022-11-12 10:13:43,756:INFO:              mlflow: 1.24.0
2022-11-12 10:13:43,757:INFO:              gradio: Not installed
2022-11-12 10:13:43,757:INFO:             fastapi: Not installed
2022-11-12 10:13:43,757:INFO:             uvicorn: Not installed
2022-11-12 10:13:43,757:INFO:              m2cgen: Not installed
2022-11-12 10:13:43,757:INFO:           evidently: Not installed
2022-11-12 10:13:43,757:INFO:                nltk: 3.6.5
2022-11-12 10:13:43,757:INFO:            pyLDAvis: 3.2.2
2022-11-12 10:13:43,757:INFO:              gensim: 4.0.1
2022-11-12 10:13:43,757:INFO:               spacy: 2.3.7
2022-11-12 10:13:43,757:INFO:           wordcloud: 1.8.1
2022-11-12 10:13:43,757:INFO:            textblob: 0.15.3
2022-11-12 10:13:43,757:INFO:               fugue: Not installed
2022-11-12 10:13:43,758:INFO:           streamlit: 1.8.1
2022-11-12 10:13:43,758:INFO:             prophet: Not installed
2022-11-12 10:13:43,758:INFO:None
2022-11-12 10:13:43,758:INFO:Set up data.
2022-11-12 10:13:43,776:INFO:Set up index.
2022-11-12 10:13:43,778:INFO:Assigning column types.
2022-11-12 10:13:43,794:INFO:Preparing preprocessing pipeline...
2022-11-12 10:13:43,799:INFO:Set up simple imputation.
2022-11-12 10:13:43,802:INFO:Set up variance threshold.
2022-11-12 10:13:43,803:INFO:Set up feature normalization.
2022-11-12 10:13:43,926:INFO:Finished creating preprocessing pipeline.
2022-11-12 10:13:43,932:INFO:Pipeline: Pipeline(memory=Memory(location=C:\Users\Erik\AppData\Local\Temp\joblib),
         steps=[('numerical_imputer',
                 TransformerWrapper(include=['child_mort', 'exports', 'health',
                                             'imports', 'income', 'inflation',
                                             'life_expec', 'total_fer',
                                             'gdpp'],
                                    transformer=SimpleImputer())),
                ('categorical_imputer',
                 TransformerWrapper(include=[],
                                    transformer=SimpleImputer(fill_value='constant',
                                                              strategy='constant'))),
                ('low_variance',
                 TransformerWrapper(exclude=[],
                                    transformer=VarianceThreshold(threshold=0))),
                ('normalize',
                 TransformerWrapper(transformer=StandardScaler()))])
2022-11-12 10:13:43,933:INFO:Creating final display dataframe.
2022-11-12 10:13:44,015:INFO:Setup display_container:                Description                 Value
0               Session id                  8570
1      Original data shape              (167, 9)
2   Transformed data shape              (167, 9)
3         Numeric features                     9
4               Preprocess                  True
5          Imputation type                simple
6       Numeric imputation                  mean
7   Categorical imputation              constant
8   Low variance threshold                     0
9                Normalize                  True
10        Normalize method                zscore
11                CPU Jobs                    -1
12                 Use GPU                 False
13          Log Experiment                 False
14         Experiment Name  cluster-default-name
15                     USI                  46f3
2022-11-12 10:13:44,046:INFO:Soft dependency imported: kmodes: 0.11.1
2022-11-12 10:13:44,047:INFO:Soft dependency imported: kmodes: 0.11.1
2022-11-12 10:13:44,051:INFO:setup() successfully completed in 0.33s...............
2022-11-12 10:13:44,052:INFO:Initializing create_model()
2022-11-12 10:13:44,052:INFO:create_model(self=<pycaret.clustering.oop.ClusteringExperiment object at 0x000001A5CED86E20>, estimator=kmeans, num_clusters=4, fraction=0.05, ground_truth=None, round=4, fit_kwargs=None, experiment_custom_tags=None, verbose=True, system=True, add_to_model_list=True, raise_num_clusters=False, display=None, kwargs={})
2022-11-12 10:13:44,052:INFO:Checking exceptions
2022-11-12 10:13:44,160:INFO:Importing untrained model
2022-11-12 10:13:44,166:INFO:K-Means Clustering Imported successfully
2022-11-12 10:13:44,177:INFO:Fitting Model
2022-11-12 10:13:44,257:WARNING:C:\Users\Erik\AppData\Roaming\Python\Python39\site-packages\sklearn\cluster\_kmeans.py:1334: UserWarning: KMeans is known to have a memory leak on Windows with MKL, when there are less chunks than available threads. You can avoid it by setting the environment variable OMP_NUM_THREADS=1.
  warnings.warn(
2022-11-12 10:13:44,572:INFO:KMeans(n_clusters=4, random_state=8570)
2022-11-12 10:13:44,572:INFO:create_models() successfully completed......................................
2022-11-12 10:13:44,578:INFO:Uploading results into container
2022-11-12 10:13:44,596:INFO:Uploading model into container now
2022-11-12 10:13:44,608:INFO:master_model_container: 1
2022-11-12 10:13:44,608:INFO:display_container: 2
2022-11-12 10:13:44,609:INFO:KMeans(n_clusters=4, random_state=8570)
2022-11-12 10:13:44,609:INFO:create_model() successfully completed......................................
2022-11-12 10:14:14,397:INFO:PyCaret ClusteringExperiment
2022-11-12 10:14:14,398:INFO:Logging name: cluster-default-name
2022-11-12 10:14:14,398:INFO:ML Usecase: MLUsecase.CLUSTERING
2022-11-12 10:14:14,398:INFO:version 3.0.0.rc4
2022-11-12 10:14:14,398:INFO:Initializing setup()
2022-11-12 10:14:14,398:INFO:self.USI: 0806
2022-11-12 10:14:14,398:INFO:self.variable_keys: {'display_container', '_all_metrics', 'data', 'n_jobs_param', 'pipeline', '_all_models_internal', 'html_param', 'memory', 'USI', 'exp_name_log', 'master_model_container', 'gpu_param', '_available_plots', 'exp_id', 'log_plots_param', 'X', 'variable_keys', '_ml_usecase', 'logging_param', 'idx', '_gpu_n_jobs_param', '_all_models', 'seed'}
2022-11-12 10:14:14,398:INFO:Checking environment
2022-11-12 10:14:14,398:INFO:python_version: 3.9.7
2022-11-12 10:14:14,398:INFO:python_build: ('default', 'Sep 16 2021 16:59:28')
2022-11-12 10:14:14,398:INFO:machine: AMD64
2022-11-12 10:14:14,398:INFO:platform: Windows-10-10.0.19044-SP0
2022-11-12 10:14:14,399:INFO:Memory: svmem(total=8299257856, available=877944832, percent=89.4, used=7421313024, free=877944832)
2022-11-12 10:14:14,399:INFO:Physical Core: 4
2022-11-12 10:14:14,399:INFO:Logical Core: 8
2022-11-12 10:14:14,399:INFO:Checking libraries
2022-11-12 10:14:14,399:INFO:System:
2022-11-12 10:14:14,399:INFO:    python: 3.9.7 (default, Sep 16 2021, 16:59:28) [MSC v.1916 64 bit (AMD64)]
2022-11-12 10:14:14,399:INFO:executable: c:\ProgramData\Anaconda3\python.exe
2022-11-12 10:14:14,399:INFO:   machine: Windows-10-10.0.19044-SP0
2022-11-12 10:14:14,399:INFO:PyCaret required dependencies:
2022-11-12 10:14:14,400:INFO:                 pip: 22.2.2
2022-11-12 10:14:14,400:INFO:          setuptools: 58.0.4
2022-11-12 10:14:14,400:INFO:             pycaret: 2.2.2
2022-11-12 10:14:14,400:INFO:             IPython: 7.29.0
2022-11-12 10:14:14,400:INFO:          ipywidgets: 7.6.5
2022-11-12 10:14:14,400:INFO:                tqdm: 4.62.3
2022-11-12 10:14:14,400:INFO:               numpy: 1.20.3
2022-11-12 10:14:14,400:INFO:              pandas: 1.2.0.35
2022-11-12 10:14:14,400:INFO:              jinja2: 3.0.2
2022-11-12 10:14:14,400:INFO:               scipy: 1.7.1
2022-11-12 10:14:14,400:INFO:              joblib: 1.1.0
2022-11-12 10:14:14,400:INFO:             sklearn: 0.24.2
2022-11-12 10:14:14,400:INFO:                pyod: 0.9.8
2022-11-12 10:14:14,400:INFO:            imblearn: 0.8.1
2022-11-12 10:14:14,401:INFO:   category_encoders: 2.5.1.post0
2022-11-12 10:14:14,401:INFO:            lightgbm: 3.2.1
2022-11-12 10:14:14,401:INFO:               numba: 0.55.1
2022-11-12 10:14:14,401:INFO:            requests: 2.26.0
2022-11-12 10:14:14,402:INFO:          matplotlib: 3.4.3
2022-11-12 10:14:14,402:INFO:          scikitplot: 0.3.7
2022-11-12 10:14:14,402:INFO:         yellowbrick: 1.3.post1
2022-11-12 10:14:14,402:INFO:              plotly: 5.6.0
2022-11-12 10:14:14,402:INFO:             kaleido: 0.2.1
2022-11-12 10:14:14,402:INFO:         statsmodels: 0.12.2
2022-11-12 10:14:14,402:INFO:              sktime: 0.13.4
2022-11-12 10:14:14,402:INFO:               tbats: 1.1.1
2022-11-12 10:14:14,402:INFO:            pmdarima: 1.8.5
2022-11-12 10:14:14,402:INFO:              psutil: 5.8.0
2022-11-12 10:14:14,402:INFO:PyCaret optional dependencies:
2022-11-12 10:14:14,402:INFO:                shap: 0.40.0
2022-11-12 10:14:14,402:INFO:           interpret: Not installed
2022-11-12 10:14:14,402:INFO:                umap: 0.5.2
2022-11-12 10:14:14,402:INFO:    pandas_profiling: 2.9.0
2022-11-12 10:14:14,402:INFO:  explainerdashboard: Not installed
2022-11-12 10:14:14,402:INFO:             autoviz: Not installed
2022-11-12 10:14:14,402:INFO:           fairlearn: Not installed
2022-11-12 10:14:14,402:INFO:             xgboost: 1.5.2
2022-11-12 10:14:14,402:INFO:            catboost: 0.26.1
2022-11-12 10:14:14,402:INFO:              kmodes: 0.11.1
2022-11-12 10:14:14,402:INFO:             mlxtend: 0.19.0
2022-11-12 10:14:14,402:INFO:       statsforecast: Not installed
2022-11-12 10:14:14,402:INFO:        tune_sklearn: Not installed
2022-11-12 10:14:14,402:INFO:                 ray: Not installed
2022-11-12 10:14:14,403:INFO:            hyperopt: Not installed
2022-11-12 10:14:14,403:INFO:              optuna: Not installed
2022-11-12 10:14:14,403:INFO:               skopt: Not installed
2022-11-12 10:14:14,403:INFO:              mlflow: 1.24.0
2022-11-12 10:14:14,403:INFO:              gradio: Not installed
2022-11-12 10:14:14,403:INFO:             fastapi: Not installed
2022-11-12 10:14:14,403:INFO:             uvicorn: Not installed
2022-11-12 10:14:14,403:INFO:              m2cgen: Not installed
2022-11-12 10:14:14,403:INFO:           evidently: Not installed
2022-11-12 10:14:14,403:INFO:                nltk: 3.6.5
2022-11-12 10:14:14,403:INFO:            pyLDAvis: 3.2.2
2022-11-12 10:14:14,403:INFO:              gensim: 4.0.1
2022-11-12 10:14:14,403:INFO:               spacy: 2.3.7
2022-11-12 10:14:14,403:INFO:           wordcloud: 1.8.1
2022-11-12 10:14:14,403:INFO:            textblob: 0.15.3
2022-11-12 10:14:14,403:INFO:               fugue: Not installed
2022-11-12 10:14:14,403:INFO:           streamlit: 1.8.1
2022-11-12 10:14:14,403:INFO:             prophet: Not installed
2022-11-12 10:14:14,403:INFO:None
2022-11-12 10:14:14,403:INFO:Set up data.
2022-11-12 10:14:14,408:INFO:Set up index.
2022-11-12 10:14:14,409:INFO:Assigning column types.
2022-11-12 10:14:14,413:INFO:Preparing preprocessing pipeline...
2022-11-12 10:14:14,413:INFO:Set up simple imputation.
2022-11-12 10:14:14,413:INFO:Set up variance threshold.
2022-11-12 10:14:14,413:INFO:Set up feature normalization.
2022-11-12 10:14:14,429:INFO:Finished creating preprocessing pipeline.
2022-11-12 10:14:14,439:INFO:Pipeline: Pipeline(memory=Memory(location=C:\Users\Erik\AppData\Local\Temp\joblib),
         steps=[('numerical_imputer',
                 TransformerWrapper(include=['child_mort', 'exports', 'health',
                                             'imports', 'income', 'inflation',
                                             'life_expec', 'total_fer',
                                             'gdpp'],
                                    transformer=SimpleImputer())),
                ('categorical_imputer',
                 TransformerWrapper(include=[],
                                    transformer=SimpleImputer(fill_value='constant',
                                                              strategy='constant'))),
                ('low_variance',
                 TransformerWrapper(exclude=[],
                                    transformer=VarianceThreshold(threshold=0))),
                ('normalize',
                 TransformerWrapper(transformer=StandardScaler()))])
2022-11-12 10:14:14,439:INFO:Creating final display dataframe.
2022-11-12 10:14:14,456:INFO:Setup display_container:                Description                 Value
0               Session id                  8067
1      Original data shape              (167, 9)
2   Transformed data shape              (167, 9)
3         Numeric features                     9
4               Preprocess                  True
5          Imputation type                simple
6       Numeric imputation                  mean
7   Categorical imputation              constant
8   Low variance threshold                     0
9                Normalize                  True
10        Normalize method                zscore
11                CPU Jobs                    -1
12                 Use GPU                 False
13          Log Experiment                 False
14         Experiment Name  cluster-default-name
15                     USI                  0806
2022-11-12 10:14:14,467:INFO:Soft dependency imported: kmodes: 0.11.1
2022-11-12 10:14:14,468:INFO:Soft dependency imported: kmodes: 0.11.1
2022-11-12 10:14:14,469:INFO:setup() successfully completed in 0.07s...............
2022-11-12 10:14:14,470:INFO:Initializing create_model()
2022-11-12 10:14:14,470:INFO:create_model(self=<pycaret.clustering.oop.ClusteringExperiment object at 0x000001A5CED86580>, estimator=kmeans, num_clusters=4, fraction=0.05, ground_truth=None, round=4, fit_kwargs=None, experiment_custom_tags=None, verbose=True, system=True, add_to_model_list=True, raise_num_clusters=False, display=None, kwargs={'n_clusters': 3})
2022-11-12 10:14:14,470:INFO:Checking exceptions
2022-11-12 10:14:14,536:INFO:Importing untrained model
2022-11-12 10:14:14,543:INFO:K-Means Clustering Imported successfully
2022-11-12 10:14:14,552:INFO:Fitting Model
2022-11-12 10:14:14,607:WARNING:C:\Users\Erik\AppData\Roaming\Python\Python39\site-packages\sklearn\cluster\_kmeans.py:1334: UserWarning: KMeans is known to have a memory leak on Windows with MKL, when there are less chunks than available threads. You can avoid it by setting the environment variable OMP_NUM_THREADS=1.
  warnings.warn(
2022-11-12 10:14:14,948:INFO:KMeans(n_clusters=4, random_state=8067)
2022-11-12 10:14:14,949:INFO:create_models() successfully completed......................................
2022-11-12 10:14:14,953:INFO:Uploading results into container
2022-11-12 10:14:14,957:INFO:Uploading model into container now
2022-11-12 10:14:14,968:INFO:master_model_container: 1
2022-11-12 10:14:14,968:INFO:display_container: 2
2022-11-12 10:14:14,968:INFO:KMeans(n_clusters=4, random_state=8067)
2022-11-12 10:14:14,969:INFO:create_model() successfully completed......................................
2022-11-12 10:14:42,042:INFO:Initializing assign_model()
2022-11-12 10:14:42,044:INFO:assign_model(self=<pycaret.clustering.oop.ClusteringExperiment object at 0x000001A5CED86580>, model=KMeans(n_clusters=3, random_state=0), transformation=False, score=True, verbose=True)
2022-11-12 10:14:42,044:INFO:Checking exceptions
2022-11-12 10:14:42,044:INFO:Determining Trained Model
2022-11-12 10:14:42,044:INFO:Trained Model : K-Means Clustering
2022-11-12 10:14:42,044:INFO:Copying data
2022-11-12 10:14:42,048:INFO:(167, 10)
2022-11-12 10:14:42,048:INFO:assign_model() successfully completed......................................
2022-11-12 10:14:46,826:INFO:Initializing assign_model()
2022-11-12 10:14:46,827:INFO:assign_model(self=<pycaret.clustering.oop.ClusteringExperiment object at 0x000001A5CED86580>, model=KMeans(n_clusters=3, random_state=0), transformation=False, score=True, verbose=True)
2022-11-12 10:14:46,827:INFO:Checking exceptions
2022-11-12 10:14:46,828:INFO:Determining Trained Model
2022-11-12 10:14:46,830:INFO:Trained Model : K-Means Clustering
2022-11-12 10:14:46,830:INFO:Copying data
2022-11-12 10:14:46,832:INFO:(167, 10)
2022-11-12 10:14:46,832:INFO:assign_model() successfully completed......................................
2022-11-12 10:15:10,251:INFO:Initializing assign_model()
2022-11-12 10:15:10,251:INFO:assign_model(self=<pycaret.clustering.oop.ClusteringExperiment object at 0x000001A5CED86580>, model=KMeans(n_clusters=3, random_state=0), transformation=False, score=True, verbose=True)
2022-11-12 10:15:10,251:INFO:Checking exceptions
2022-11-12 10:15:10,251:INFO:Determining Trained Model
2022-11-12 10:15:10,252:INFO:Trained Model : K-Means Clustering
2022-11-12 10:15:10,252:INFO:Copying data
2022-11-12 10:15:10,253:INFO:(167, 10)
2022-11-12 10:15:10,253:INFO:assign_model() successfully completed......................................
2022-11-12 10:15:22,036:INFO:Initializing assign_model()
2022-11-12 10:15:22,037:INFO:assign_model(self=<pycaret.clustering.oop.ClusteringExperiment object at 0x000001A5CED86580>, model=KMeans(n_clusters=3, random_state=0), transformation=False, score=True, verbose=True)
2022-11-12 10:15:22,037:INFO:Checking exceptions
2022-11-12 10:15:22,038:INFO:Determining Trained Model
2022-11-12 10:15:22,038:INFO:Trained Model : K-Means Clustering
2022-11-12 10:15:22,038:INFO:Copying data
2022-11-12 10:15:22,040:INFO:(167, 10)
2022-11-12 10:15:22,041:INFO:assign_model() successfully completed......................................
2022-11-12 10:15:37,243:INFO:Initializing assign_model()
2022-11-12 10:15:37,244:INFO:assign_model(self=<pycaret.clustering.oop.ClusteringExperiment object at 0x000001A5CED86580>, model=KMeans(n_clusters=3, random_state=0), transformation=False, score=True, verbose=True)
2022-11-12 10:15:37,244:INFO:Checking exceptions
2022-11-12 10:15:37,244:INFO:Determining Trained Model
2022-11-12 10:15:37,245:INFO:Trained Model : K-Means Clustering
2022-11-12 10:15:37,245:INFO:Copying data
2022-11-12 10:15:37,247:INFO:(167, 10)
2022-11-12 10:15:37,247:INFO:assign_model() successfully completed......................................
2022-11-12 10:15:49,017:INFO:Initializing assign_model()
2022-11-12 10:15:49,017:INFO:assign_model(self=<pycaret.clustering.oop.ClusteringExperiment object at 0x000001A5CED86580>, model=KMeans(n_clusters=3, random_state=0), transformation=False, score=True, verbose=True)
2022-11-12 10:15:49,017:INFO:Checking exceptions
2022-11-12 10:15:49,017:INFO:Determining Trained Model
2022-11-12 10:15:49,017:INFO:Trained Model : K-Means Clustering
2022-11-12 10:15:49,017:INFO:Copying data
2022-11-12 10:15:49,022:INFO:(167, 10)
2022-11-12 10:15:49,023:INFO:assign_model() successfully completed......................................
2022-11-12 10:22:20,190:INFO:PyCaret ClusteringExperiment
2022-11-12 10:22:20,192:INFO:Logging name: cluster-default-name
2022-11-12 10:22:20,192:INFO:ML Usecase: MLUsecase.CLUSTERING
2022-11-12 10:22:20,193:INFO:version 3.0.0.rc4
2022-11-12 10:22:20,193:INFO:Initializing setup()
2022-11-12 10:22:20,193:INFO:self.USI: 443d
2022-11-12 10:22:20,193:INFO:self.variable_keys: {'display_container', '_all_metrics', 'data', 'n_jobs_param', 'pipeline', '_all_models_internal', 'html_param', 'memory', 'USI', 'exp_name_log', 'master_model_container', 'gpu_param', '_available_plots', 'exp_id', 'log_plots_param', 'X', 'variable_keys', '_ml_usecase', 'logging_param', 'idx', '_gpu_n_jobs_param', '_all_models', 'seed'}
2022-11-12 10:22:20,193:INFO:Checking environment
2022-11-12 10:22:20,195:INFO:python_version: 3.9.7
2022-11-12 10:22:20,195:INFO:python_build: ('default', 'Sep 16 2021 16:59:28')
2022-11-12 10:22:20,195:INFO:machine: AMD64
2022-11-12 10:22:20,195:INFO:platform: Windows-10-10.0.19044-SP0
2022-11-12 10:22:20,199:INFO:Memory: svmem(total=8299257856, available=476332032, percent=94.3, used=7822925824, free=476332032)
2022-11-12 10:22:20,199:INFO:Physical Core: 4
2022-11-12 10:22:20,200:INFO:Logical Core: 8
2022-11-12 10:22:20,200:INFO:Checking libraries
2022-11-12 10:22:20,200:INFO:System:
2022-11-12 10:22:20,201:INFO:    python: 3.9.7 (default, Sep 16 2021, 16:59:28) [MSC v.1916 64 bit (AMD64)]
2022-11-12 10:22:20,201:INFO:executable: c:\ProgramData\Anaconda3\python.exe
2022-11-12 10:22:20,201:INFO:   machine: Windows-10-10.0.19044-SP0
2022-11-12 10:22:20,201:INFO:PyCaret required dependencies:
2022-11-12 10:22:20,203:INFO:                 pip: 22.2.2
2022-11-12 10:22:20,203:INFO:          setuptools: 58.0.4
2022-11-12 10:22:20,203:INFO:             pycaret: 2.2.2
2022-11-12 10:22:20,203:INFO:             IPython: 7.29.0
2022-11-12 10:22:20,203:INFO:          ipywidgets: 7.6.5
2022-11-12 10:22:20,203:INFO:                tqdm: 4.62.3
2022-11-12 10:22:20,203:INFO:               numpy: 1.20.3
2022-11-12 10:22:20,203:INFO:              pandas: 1.2.0.35
2022-11-12 10:22:20,203:INFO:              jinja2: 3.0.2
2022-11-12 10:22:20,203:INFO:               scipy: 1.7.1
2022-11-12 10:22:20,203:INFO:              joblib: 1.1.0
2022-11-12 10:22:20,203:INFO:             sklearn: 0.24.2
2022-11-12 10:22:20,203:INFO:                pyod: 0.9.8
2022-11-12 10:22:20,203:INFO:            imblearn: 0.8.1
2022-11-12 10:22:20,203:INFO:   category_encoders: 2.5.1.post0
2022-11-12 10:22:20,203:INFO:            lightgbm: 3.2.1
2022-11-12 10:22:20,203:INFO:               numba: 0.55.1
2022-11-12 10:22:20,204:INFO:            requests: 2.26.0
2022-11-12 10:22:20,204:INFO:          matplotlib: 3.4.3
2022-11-12 10:22:20,204:INFO:          scikitplot: 0.3.7
2022-11-12 10:22:20,204:INFO:         yellowbrick: 1.3.post1
2022-11-12 10:22:20,204:INFO:              plotly: 5.6.0
2022-11-12 10:22:20,204:INFO:             kaleido: 0.2.1
2022-11-12 10:22:20,204:INFO:         statsmodels: 0.12.2
2022-11-12 10:22:20,204:INFO:              sktime: 0.13.4
2022-11-12 10:22:20,204:INFO:               tbats: 1.1.1
2022-11-12 10:22:20,204:INFO:            pmdarima: 1.8.5
2022-11-12 10:22:20,204:INFO:              psutil: 5.8.0
2022-11-12 10:22:20,204:INFO:PyCaret optional dependencies:
2022-11-12 10:22:20,204:INFO:                shap: 0.40.0
2022-11-12 10:22:20,205:INFO:           interpret: Not installed
2022-11-12 10:22:20,205:INFO:                umap: 0.5.2
2022-11-12 10:22:20,205:INFO:    pandas_profiling: 2.9.0
2022-11-12 10:22:20,205:INFO:  explainerdashboard: Not installed
2022-11-12 10:22:20,205:INFO:             autoviz: Not installed
2022-11-12 10:22:20,205:INFO:           fairlearn: Not installed
2022-11-12 10:22:20,205:INFO:             xgboost: 1.5.2
2022-11-12 10:22:20,205:INFO:            catboost: 0.26.1
2022-11-12 10:22:20,205:INFO:              kmodes: 0.11.1
2022-11-12 10:22:20,205:INFO:             mlxtend: 0.19.0
2022-11-12 10:22:20,205:INFO:       statsforecast: Not installed
2022-11-12 10:22:20,205:INFO:        tune_sklearn: Not installed
2022-11-12 10:22:20,205:INFO:                 ray: Not installed
2022-11-12 10:22:20,205:INFO:            hyperopt: Not installed
2022-11-12 10:22:20,205:INFO:              optuna: Not installed
2022-11-12 10:22:20,205:INFO:               skopt: Not installed
2022-11-12 10:22:20,205:INFO:              mlflow: 1.24.0
2022-11-12 10:22:20,205:INFO:              gradio: Not installed
2022-11-12 10:22:20,205:INFO:             fastapi: Not installed
2022-11-12 10:22:20,205:INFO:             uvicorn: Not installed
2022-11-12 10:22:20,205:INFO:              m2cgen: Not installed
2022-11-12 10:22:20,205:INFO:           evidently: Not installed
2022-11-12 10:22:20,205:INFO:                nltk: 3.6.5
2022-11-12 10:22:20,205:INFO:            pyLDAvis: 3.2.2
2022-11-12 10:22:20,205:INFO:              gensim: 4.0.1
2022-11-12 10:22:20,205:INFO:               spacy: 2.3.7
2022-11-12 10:22:20,205:INFO:           wordcloud: 1.8.1
2022-11-12 10:22:20,205:INFO:            textblob: 0.15.3
2022-11-12 10:22:20,205:INFO:               fugue: Not installed
2022-11-12 10:22:20,205:INFO:           streamlit: 1.8.1
2022-11-12 10:22:20,205:INFO:             prophet: Not installed
2022-11-12 10:22:20,206:INFO:None
2022-11-12 10:22:20,206:INFO:Set up data.
2022-11-12 10:22:20,296:INFO:Set up index.
2022-11-12 10:22:20,299:INFO:Assigning column types.
2022-11-12 10:22:20,329:INFO:Preparing preprocessing pipeline...
2022-11-12 10:22:20,330:INFO:Set up simple imputation.
2022-11-12 10:22:20,334:INFO:Set up variance threshold.
2022-11-12 10:22:20,335:INFO:Set up feature normalization.
2022-11-12 10:22:20,395:INFO:Finished creating preprocessing pipeline.
2022-11-12 10:22:20,406:INFO:Pipeline: Pipeline(memory=Memory(location=C:\Users\Erik\AppData\Local\Temp\joblib),
         steps=[('numerical_imputer',
                 TransformerWrapper(include=['child_mort', 'exports', 'health',
                                             'imports', 'income', 'inflation',
                                             'life_expec', 'total_fer',
                                             'gdpp'],
                                    transformer=SimpleImputer())),
                ('categorical_imputer',
                 TransformerWrapper(include=[],
                                    transformer=SimpleImputer(fill_value='constant',
                                                              strategy='constant'))),
                ('low_variance',
                 TransformerWrapper(exclude=[],
                                    transformer=VarianceThreshold(threshold=0))),
                ('normalize',
                 TransformerWrapper(transformer=StandardScaler()))])
2022-11-12 10:22:20,407:INFO:Creating final display dataframe.
2022-11-12 10:22:20,450:INFO:Setup display_container:                Description                 Value
0               Session id                  6698
1      Original data shape              (167, 9)
2   Transformed data shape              (167, 9)
3         Numeric features                     9
4               Preprocess                  True
5          Imputation type                simple
6       Numeric imputation                  mean
7   Categorical imputation              constant
8   Low variance threshold                     0
9                Normalize                  True
10        Normalize method                zscore
11                CPU Jobs                    -1
12                 Use GPU                 False
13          Log Experiment                 False
14         Experiment Name  cluster-default-name
15                     USI                  443d
2022-11-12 10:22:20,550:INFO:Soft dependency imported: kmodes: 0.11.1
2022-11-12 10:22:20,551:INFO:Soft dependency imported: kmodes: 0.11.1
2022-11-12 10:22:20,554:INFO:setup() successfully completed in 0.42s...............
2022-11-12 10:22:20,557:INFO:Initializing create_model()
2022-11-12 10:22:20,557:INFO:create_model(self=<pycaret.clustering.oop.ClusteringExperiment object at 0x000001A5CEDFAC10>, estimator=kmeans, num_clusters=4, fraction=0.05, ground_truth=None, round=4, fit_kwargs=None, experiment_custom_tags=None, verbose=True, system=True, add_to_model_list=True, raise_num_clusters=False, display=None, kwargs={'n_clusters': 3, 'remove_outliers': True})
2022-11-12 10:22:20,557:INFO:Checking exceptions
2022-11-12 10:22:20,679:INFO:Importing untrained model
2022-11-12 10:22:43,027:INFO:PyCaret ClusteringExperiment
2022-11-12 10:22:43,027:INFO:Logging name: cluster-default-name
2022-11-12 10:22:43,027:INFO:ML Usecase: MLUsecase.CLUSTERING
2022-11-12 10:22:43,027:INFO:version 3.0.0.rc4
2022-11-12 10:22:43,027:INFO:Initializing setup()
2022-11-12 10:22:43,027:INFO:self.USI: 6d86
2022-11-12 10:22:43,027:INFO:self.variable_keys: {'display_container', '_all_metrics', 'data', 'n_jobs_param', 'pipeline', '_all_models_internal', 'html_param', 'memory', 'USI', 'exp_name_log', 'master_model_container', 'gpu_param', '_available_plots', 'exp_id', 'log_plots_param', 'X', 'variable_keys', '_ml_usecase', 'logging_param', 'idx', '_gpu_n_jobs_param', '_all_models', 'seed'}
2022-11-12 10:22:43,027:INFO:Checking environment
2022-11-12 10:22:43,028:INFO:python_version: 3.9.7
2022-11-12 10:22:43,028:INFO:python_build: ('default', 'Sep 16 2021 16:59:28')
2022-11-12 10:22:43,028:INFO:machine: AMD64
2022-11-12 10:22:43,028:INFO:platform: Windows-10-10.0.19044-SP0
2022-11-12 10:22:43,028:INFO:Memory: svmem(total=8299257856, available=965263360, percent=88.4, used=7333994496, free=965263360)
2022-11-12 10:22:43,028:INFO:Physical Core: 4
2022-11-12 10:22:43,028:INFO:Logical Core: 8
2022-11-12 10:22:43,028:INFO:Checking libraries
2022-11-12 10:22:43,028:INFO:System:
2022-11-12 10:22:43,028:INFO:    python: 3.9.7 (default, Sep 16 2021, 16:59:28) [MSC v.1916 64 bit (AMD64)]
2022-11-12 10:22:43,028:INFO:executable: c:\ProgramData\Anaconda3\python.exe
2022-11-12 10:22:43,028:INFO:   machine: Windows-10-10.0.19044-SP0
2022-11-12 10:22:43,028:INFO:PyCaret required dependencies:
2022-11-12 10:22:43,029:INFO:                 pip: 22.2.2
2022-11-12 10:22:43,029:INFO:          setuptools: 58.0.4
2022-11-12 10:22:43,029:INFO:             pycaret: 2.2.2
2022-11-12 10:22:43,029:INFO:             IPython: 7.29.0
2022-11-12 10:22:43,029:INFO:          ipywidgets: 7.6.5
2022-11-12 10:22:43,029:INFO:                tqdm: 4.62.3
2022-11-12 10:22:43,029:INFO:               numpy: 1.20.3
2022-11-12 10:22:43,029:INFO:              pandas: 1.2.0.35
2022-11-12 10:22:43,029:INFO:              jinja2: 3.0.2
2022-11-12 10:22:43,029:INFO:               scipy: 1.7.1
2022-11-12 10:22:43,029:INFO:              joblib: 1.1.0
2022-11-12 10:22:43,029:INFO:             sklearn: 0.24.2
2022-11-12 10:22:43,029:INFO:                pyod: 0.9.8
2022-11-12 10:22:43,029:INFO:            imblearn: 0.8.1
2022-11-12 10:22:43,029:INFO:   category_encoders: 2.5.1.post0
2022-11-12 10:22:43,029:INFO:            lightgbm: 3.2.1
2022-11-12 10:22:43,029:INFO:               numba: 0.55.1
2022-11-12 10:22:43,029:INFO:            requests: 2.26.0
2022-11-12 10:22:43,029:INFO:          matplotlib: 3.4.3
2022-11-12 10:22:43,029:INFO:          scikitplot: 0.3.7
2022-11-12 10:22:43,029:INFO:         yellowbrick: 1.3.post1
2022-11-12 10:22:43,029:INFO:              plotly: 5.6.0
2022-11-12 10:22:43,029:INFO:             kaleido: 0.2.1
2022-11-12 10:22:43,029:INFO:         statsmodels: 0.12.2
2022-11-12 10:22:43,030:INFO:              sktime: 0.13.4
2022-11-12 10:22:43,030:INFO:               tbats: 1.1.1
2022-11-12 10:22:43,030:INFO:            pmdarima: 1.8.5
2022-11-12 10:22:43,030:INFO:              psutil: 5.8.0
2022-11-12 10:22:43,030:INFO:PyCaret optional dependencies:
2022-11-12 10:22:43,030:INFO:                shap: 0.40.0
2022-11-12 10:22:43,030:INFO:           interpret: Not installed
2022-11-12 10:22:43,030:INFO:                umap: 0.5.2
2022-11-12 10:22:43,031:INFO:    pandas_profiling: 2.9.0
2022-11-12 10:22:43,031:INFO:  explainerdashboard: Not installed
2022-11-12 10:22:43,031:INFO:             autoviz: Not installed
2022-11-12 10:22:43,031:INFO:           fairlearn: Not installed
2022-11-12 10:22:43,031:INFO:             xgboost: 1.5.2
2022-11-12 10:22:43,032:INFO:            catboost: 0.26.1
2022-11-12 10:22:43,032:INFO:              kmodes: 0.11.1
2022-11-12 10:22:43,032:INFO:             mlxtend: 0.19.0
2022-11-12 10:22:43,032:INFO:       statsforecast: Not installed
2022-11-12 10:22:43,032:INFO:        tune_sklearn: Not installed
2022-11-12 10:22:43,032:INFO:                 ray: Not installed
2022-11-12 10:22:43,032:INFO:            hyperopt: Not installed
2022-11-12 10:22:43,032:INFO:              optuna: Not installed
2022-11-12 10:22:43,032:INFO:               skopt: Not installed
2022-11-12 10:22:43,032:INFO:              mlflow: 1.24.0
2022-11-12 10:22:43,032:INFO:              gradio: Not installed
2022-11-12 10:22:43,033:INFO:             fastapi: Not installed
2022-11-12 10:22:43,033:INFO:             uvicorn: Not installed
2022-11-12 10:22:43,033:INFO:              m2cgen: Not installed
2022-11-12 10:22:43,033:INFO:           evidently: Not installed
2022-11-12 10:22:43,033:INFO:                nltk: 3.6.5
2022-11-12 10:22:43,033:INFO:            pyLDAvis: 3.2.2
2022-11-12 10:22:43,033:INFO:              gensim: 4.0.1
2022-11-12 10:22:43,033:INFO:               spacy: 2.3.7
2022-11-12 10:22:43,033:INFO:           wordcloud: 1.8.1
2022-11-12 10:22:43,033:INFO:            textblob: 0.15.3
2022-11-12 10:22:43,033:INFO:               fugue: Not installed
2022-11-12 10:22:43,034:INFO:           streamlit: 1.8.1
2022-11-12 10:22:43,034:INFO:             prophet: Not installed
2022-11-12 10:22:43,034:INFO:None
2022-11-12 10:22:43,034:INFO:Set up data.
2022-11-12 10:22:43,038:INFO:Set up index.
2022-11-12 10:22:43,039:INFO:Assigning column types.
2022-11-12 10:22:43,042:INFO:Preparing preprocessing pipeline...
2022-11-12 10:22:43,042:INFO:Set up simple imputation.
2022-11-12 10:22:43,042:INFO:Set up variance threshold.
2022-11-12 10:22:43,042:INFO:Set up removing outliers.
2022-11-12 10:22:43,042:INFO:Set up feature normalization.
2022-11-12 10:22:43,552:INFO:Finished creating preprocessing pipeline.
2022-11-12 10:22:43,560:INFO:Pipeline: Pipeline(memory=Memory(location=C:\Users\Erik\AppData\Local\Temp\joblib),
         steps=[('numerical_imputer',
                 TransformerWrapper(include=['child_mort', 'exports', 'health',
                                             'imports', 'income', 'inflation',
                                             'life_expec', 'total_fer',
                                             'gdpp'],
                                    transformer=SimpleImputer())),
                ('categorical_imputer',
                 TransformerWrapper(include=[],
                                    transformer=SimpleImputer(fill_value='constant',
                                                              strategy='constant'))),
                ('low_variance',
                 TransformerWrapper(exclude=[],
                                    transformer=VarianceThreshold(threshold=0))),
                ('remove_outliers',
                 TransformerWrapper(transformer=RemoveOutliers())),
                ('normalize',
                 TransformerWrapper(transformer=StandardScaler()))])
2022-11-12 10:22:43,560:INFO:Creating final display dataframe.
2022-11-12 10:22:43,894:INFO:Setup display_container:                Description                 Value
0               Session id                  4245
1      Original data shape              (167, 9)
2   Transformed data shape              (158, 9)
3         Numeric features                     9
4               Preprocess                  True
5          Imputation type                simple
6       Numeric imputation                  mean
7   Categorical imputation              constant
8   Low variance threshold                     0
9          Remove outliers                  True
10      Outliers threshold                  0.05
11               Normalize                  True
12        Normalize method                zscore
13                CPU Jobs                    -1
14                 Use GPU                 False
15          Log Experiment                 False
16         Experiment Name  cluster-default-name
17                     USI                  6d86
2022-11-12 10:22:43,906:INFO:Soft dependency imported: kmodes: 0.11.1
2022-11-12 10:22:43,906:INFO:Soft dependency imported: kmodes: 0.11.1
2022-11-12 10:22:43,907:INFO:setup() successfully completed in 0.88s...............
2022-11-12 10:22:43,908:INFO:Initializing create_model()
2022-11-12 10:22:43,908:INFO:create_model(self=<pycaret.clustering.oop.ClusteringExperiment object at 0x000001A5CEDFA490>, estimator=kmeans, num_clusters=4, fraction=0.05, ground_truth=None, round=4, fit_kwargs=None, experiment_custom_tags=None, verbose=True, system=True, add_to_model_list=True, raise_num_clusters=False, display=None, kwargs={'n_clusters': 3})
2022-11-12 10:22:43,908:INFO:Checking exceptions
2022-11-12 10:22:44,355:INFO:Importing untrained model
2022-11-12 10:22:44,360:INFO:K-Means Clustering Imported successfully
2022-11-12 10:22:44,398:INFO:Fitting Model
2022-11-12 10:22:44,527:WARNING:C:\Users\Erik\AppData\Roaming\Python\Python39\site-packages\sklearn\cluster\_kmeans.py:1334: UserWarning: KMeans is known to have a memory leak on Windows with MKL, when there are less chunks than available threads. You can avoid it by setting the environment variable OMP_NUM_THREADS=1.
  warnings.warn(
2022-11-12 10:22:45,006:INFO:KMeans(n_clusters=4, random_state=4245)
2022-11-12 10:22:45,007:INFO:create_models() successfully completed......................................
2022-11-12 10:22:45,012:INFO:Uploading results into container
2022-11-12 10:22:45,017:INFO:Uploading model into container now
2022-11-12 10:22:45,030:INFO:master_model_container: 1
2022-11-12 10:22:45,030:INFO:display_container: 2
2022-11-12 10:22:45,031:INFO:KMeans(n_clusters=4, random_state=4245)
2022-11-12 10:22:45,031:INFO:create_model() successfully completed......................................
2022-11-12 10:22:53,109:INFO:Initializing assign_model()
2022-11-12 10:22:53,110:INFO:assign_model(self=<pycaret.clustering.oop.ClusteringExperiment object at 0x000001A5CEDFA490>, model=KMeans(n_clusters=3, random_state=0), transformation=False, score=True, verbose=True)
2022-11-12 10:22:53,110:INFO:Checking exceptions
2022-11-12 10:22:53,111:INFO:Determining Trained Model
2022-11-12 10:22:53,111:INFO:Trained Model : K-Means Clustering
2022-11-12 10:22:53,111:INFO:Copying data
2022-11-12 10:22:53,114:INFO:(167, 10)
2022-11-12 10:22:53,114:INFO:assign_model() successfully completed......................................
